[2019-03-27T09:26:59.253] [INFO] response - Process GET /...

[2019-03-27T09:27:04.960] [INFO] response - Process GET /index...

[2019-03-27T09:27:05.902] [ERROR] sql connect error! - {}
[2019-03-27T09:27:41.630] [INFO] response - Process GET /index...

[2019-03-27T09:27:41.967] [ERROR] sql connect error! - {}
[2019-03-27T09:27:57.503] [INFO] response - Process GET /index...

[2019-03-27T09:57:01.387] [INFO] response - Process GET /index...

[2019-03-27T09:57:02.167] [INFO] sql config - select Title from Info_News;
[2019-03-27T10:14:37.519] [INFO] response - Process GET /index...

[2019-03-27T12:01:49.676] [INFO] response - Process GET /index...

[2019-03-27T12:01:51.355] [INFO] response - Process GET /favicon.ico...

[2019-03-27T12:04:18.665] [INFO] response - Process GET /index...

[2019-03-27T12:05:33.969] [INFO] response - Process GET /index...

[2019-03-27T12:05:34.668] [INFO] response - Process GET /favicon.ico...

[2019-03-27T12:06:10.669] [INFO] response - Process GET /index...

[2019-03-27T12:06:11.361] [INFO] response - Process GET /favicon.ico...

[2019-03-27T12:45:09.746] [INFO] response - Process GET /index...

[2019-03-27T12:45:10.433] [INFO] response - Process GET /favicon.ico...

[2019-03-27T12:46:56.814] [INFO] response - Process GET /index...

[2019-03-27T12:46:57.499] [INFO] response - Process GET /favicon.ico...

[2019-03-27T12:47:35.697] [INFO] response - Process GET /index...

[2019-03-27T12:47:36.662] [INFO] response - Process GET /favicon.ico...

[2019-03-27T12:48:24.205] [INFO] response - Process GET /index...

[2019-03-27T12:48:25.015] [INFO] response - Process GET /favicon.ico...

[2019-03-27T12:49:22.436] [INFO] response - Process GET /index...

[2019-03-27T12:49:23.251] [INFO] response - Process GET /favicon.ico...

[2019-03-27T12:51:11.386] [INFO] response - Process GET /index...

[2019-03-27T12:51:12.161] [INFO] response - Process GET /favicon.ico...

[2019-03-27T12:51:15.613] [INFO] response - Process GET /index...

[2019-03-27T12:52:17.930] [INFO] response - Process GET /index...

[2019-03-27T12:52:19.138] [INFO] response - Process GET /favicon.ico...

[2019-03-27T12:58:17.534] [INFO] response - Process GET /index...

[2019-03-27T12:58:18.237] [INFO] response - Process GET /favicon.ico...

[2019-03-27T12:59:00.945] [INFO] response - Process GET /index...

[2019-03-27T12:59:34.698] [INFO] response - Process GET /index...

[2019-03-27T13:00:03.900] [INFO] response - Process GET /index...

[2019-03-27T13:00:47.679] [INFO] response - Process GET /index...

[2019-03-27T13:01:32.016] [INFO] response - Process GET /index...

[2019-03-27T13:03:10.881] [INFO] response - Process GET /index...

[2019-03-27T13:04:39.687] [INFO] response - Process GET /index...

[2019-03-27T13:06:08.838] [INFO] response - Process GET /index...

[2019-03-27T13:06:09.603] [INFO] response - Process GET /favicon.ico...

[2019-03-27T13:08:29.210] [INFO] response - Process GET /index...

[2019-03-27T13:08:30.405] [INFO] response - Process GET /favicon.ico...

[2019-03-27T13:10:09.034] [INFO] response - Process GET /index...

[2019-03-27T13:10:10.078] [INFO] response - Process GET /favicon.ico...

[2019-03-27T13:10:45.357] [INFO] response - Process GET /index...

[2019-03-27T13:12:43.777] [INFO] response - Process GET /index...

[2019-03-27T13:13:55.780] [INFO] response - Process GET /index...

[2019-03-27T13:14:54.034] [INFO] response - Process GET /index...

[2019-03-27T13:15:40.022] [INFO] response - Process GET /index...

[2019-03-27T13:16:11.799] [INFO] response - Process GET /index...

[2019-03-27T13:16:55.452] [INFO] response - Process GET /index...

[2019-03-27T13:17:59.145] [INFO] response - Process GET /index...

[2019-03-27T13:18:44.180] [INFO] response - Process GET /index...

[2019-03-27T13:19:07.564] [INFO] response - Process GET /index...

[2019-03-27T13:23:01.183] [INFO] response - Process GET /index...

[2019-03-27T13:34:07.689] [INFO] response - Process GET /index...

[2019-03-27T13:35:51.377] [INFO] response - Process GET /index...

[2019-03-27T13:38:22.726] [INFO] response - Process GET /index...

[2019-03-27T13:39:22.416] [INFO] response - Process GET /index...

[2019-03-27T13:40:09.908] [INFO] response - Process GET /index...

[2019-03-27T14:07:42.728] [INFO] response - Process GET /index...

[2019-03-27T14:08:16.849] [INFO] response - Process GET /index...

[2019-03-27T14:09:08.399] [INFO] response - Process GET /index...

[2019-03-27T14:10:00.263] [INFO] response - Process GET /index...

[2019-03-27T14:12:00.606] [INFO] response - Process GET /index...

[2019-03-27T14:13:41.968] [INFO] response - Process GET /index...

[2019-03-27T14:15:08.657] [INFO] response - Process GET /index...

[2019-03-27T14:32:49.421] [INFO] response - Process GET /index...

[2019-03-27T14:33:14.681] [INFO] response - Process GET /index...

[2019-03-27T14:37:08.214] [INFO] response - Process GET /index...

[2019-03-27T14:40:05.816] [INFO] response - Process GET /index...

[2019-03-27T14:43:40.638] [INFO] response - Process GET /index...

[2019-03-27T14:52:08.990] [INFO] response - Process GET /index...

[2019-03-27T14:52:31.542] [INFO] response - Process GET /index...

[2019-03-27T14:52:47.458] [ERROR] sql connect error! - {"code":"ETIMEOUT","originalError":{"message":"Failed to connect to 10.4.178.90:1433 in 15000ms","code":"ETIMEOUT"},"name":"ConnectionError"}
[2019-03-27T14:53:22.677] [INFO] response - Process GET /index...

[2019-03-27T15:00:03.330] [INFO] response - Process GET /index...

[2019-03-27T15:29:08.237] [INFO] response - Process GET /index...

[2019-03-27T15:29:09.427] [INFO] response - Process GET /favicon.ico...

[2019-03-27T15:29:24.429] [ERROR] sql connect error! - {"code":"ETIMEOUT","originalError":{"message":"Failed to connect to 10.4.178.90:1433 in 15000ms","code":"ETIMEOUT"},"name":"ConnectionError"}
[2019-03-27T15:34:17.950] [INFO] response - Process GET /index...

[2019-03-27T15:34:33.998] [ERROR] sql connect error! - {"code":"ETIMEOUT","originalError":{"message":"Failed to connect to 10.4.178.90:1433 in 15000ms","code":"ETIMEOUT"},"name":"ConnectionError"}
[2019-03-27T15:34:49.407] [INFO] response - Process GET /index...

[2019-03-27T15:35:05.761] [ERROR] sql connect error! - {"code":"ETIMEOUT","originalError":{"message":"Failed to connect to 10.4.178.90:1433 in 15000ms","code":"ETIMEOUT"},"name":"ConnectionError"}
[2019-03-27T15:35:20.179] [INFO] response - Process GET /index...

[2019-03-27T15:46:55.678] [INFO] response - Process GET /index...

[2019-03-27T15:50:48.313] [INFO] response - Process GET /index...

[2019-03-27T15:50:49.423] [INFO] response - Process GET /favicon.ico...

[2019-03-27T15:51:35.262] [INFO] response - Process GET /index...

[2019-03-27T15:52:25.794] [INFO] response - Process GET /index...

[2019-03-27T15:53:15.482] [INFO] response - Process GET /index...

[2019-03-27T15:54:57.806] [INFO] response - Process GET /index...

[2019-03-27T15:56:43.010] [INFO] response - Process GET /index...

[2019-03-27T15:57:16.291] [INFO] response - Process GET /index...

[2019-03-27T15:59:42.777] [INFO] response - Process GET /index...

[2019-03-27T16:04:55.648] [INFO] response - Process GET /index...

[2019-03-27T16:04:57.162] [INFO] response - Process GET /index...

[2019-03-27T16:08:12.642] [INFO] response - Process GET /index...

[2019-03-27T16:12:58.247] [INFO] response - Process GET /index...

[2019-03-27T16:14:18.452] [INFO] response - Process GET /index...

[2019-03-27T16:15:23.438] [INFO] response - Process GET /index...

[2019-03-27T16:17:03.024] [INFO] response - Process GET /index...

[2019-03-27T16:18:32.181] [INFO] response - Process GET /index...

[2019-03-27T16:19:04.678] [INFO] response - Process GET /index...

[2019-03-27T16:20:58.159] [INFO] response - Process GET /index...

[2019-03-27T16:22:30.812] [INFO] response - Process GET /index...

[2019-03-27T16:31:12.933] [INFO] response - Process GET /index...

[2019-03-27T16:31:15.267] [INFO] response - Process GET /index...

[2019-03-27T16:34:11.196] [INFO] response - Process GET /index...

[2019-03-27T16:34:27.841] [ERROR] sql connect error! - {"code":"ETIMEOUT","originalError":{"message":"Failed to connect to 10.4.178.90:1433 in 15000ms","code":"ETIMEOUT"},"name":"ConnectionError"}
[2019-03-27T16:35:48.742] [INFO] response - Process GET /index...

[2019-03-27T16:35:50.748] [ERROR] sql error! - {}
[2019-03-27T16:36:57.884] [INFO] response - Process GET /index...

[2019-03-27T16:37:54.768] [INFO] response - Process GET /index...

[2019-03-27T16:38:46.332] [INFO] response - Process GET /index...

[2019-03-27T16:39:02.377] [ERROR] sql connect error! - {"code":"ETIMEOUT","originalError":{"message":"Failed to connect to 10.4.178.90:1433 in 15000ms","code":"ETIMEOUT"},"name":"ConnectionError"}
[2019-03-27T16:41:09.399] [INFO] response - Process GET /index...

[2019-03-27T16:43:34.555] [INFO] response - Process GET /index...

[2019-03-27T16:44:25.317] [INFO] response - Process GET /index...

[2019-03-27T16:44:38.250] [INFO] response - Process GET /index...

[2019-03-27T16:45:11.539] [INFO] response - Process GET /index...

[2019-03-27T16:45:36.438] [INFO] response - Process GET /index...

[2019-03-27T16:46:06.964] [INFO] response - Process GET /index...

[2019-03-27T16:50:00.514] [INFO] response - Process GET /index...

[2019-03-27T16:50:46.918] [INFO] response - Process GET /index...

[2019-03-27T16:51:20.830] [INFO] response - Process GET /index...

[2019-03-27T16:52:11.496] [INFO] response - Process GET /index...

[2019-03-27T16:53:37.080] [INFO] response - Process GET /index...

[2019-03-27T16:55:01.779] [INFO] response - Process GET /index...

[2019-03-27T16:55:38.424] [INFO] response - Process GET /index...

[2019-03-27T16:56:19.001] [INFO] response - Process GET /index...

[2019-03-27T16:57:41.851] [INFO] response - Process GET /index...

[2019-03-27T17:00:36.197] [INFO] response - Process GET /index...

[2019-03-27T17:01:03.313] [INFO] response - Process GET /index...

[2019-03-27T17:01:20.434] [INFO] response - Process GET /index...

[2019-03-27T17:02:05.909] [INFO] response - Process GET /index...

[2019-03-27T17:02:26.986] [INFO] response - Process GET /index...

[2019-03-27T17:02:46.440] [INFO] response - Process GET /index...

[2019-03-27T17:04:15.004] [INFO] response - Process GET /index...

[2019-03-27T17:04:37.121] [INFO] response - Process GET /index...

[2019-03-27T17:04:58.782] [INFO] response - Process GET /index...

[2019-03-27T17:05:29.440] [INFO] response - Process GET /index...

[2019-03-27T17:06:21.755] [INFO] response - Process GET /index...

[2019-03-27T17:06:49.414] [INFO] response - Process GET /index...

[2019-03-27T17:07:38.308] [INFO] response - Process GET /index...

[2019-03-27T17:08:22.520] [INFO] response - Process GET /index...

[2019-03-27T17:09:18.605] [INFO] response - Process GET /index...

[2019-03-27T17:10:31.901] [INFO] response - Process GET /index...

[2019-03-27T17:10:52.021] [INFO] response - Process GET /index...

[2019-03-27T17:11:29.943] [INFO] response - Process GET /index...

[2019-03-27T17:11:57.719] [INFO] response - Process GET /index...

[2019-03-27T17:13:21.637] [INFO] response - Process GET /index...

[2019-03-27T17:15:59.332] [INFO] response - Process GET /index...

[2019-03-27T17:16:36.708] [INFO] response - Process GET /index...

[2019-03-27T17:17:21.159] [INFO] response - Process GET /index...

[2019-03-27T17:22:31.690] [INFO] response - Process GET /index...

[2019-03-27T17:31:23.702] [INFO] response - Process GET /index...

[2019-03-27T17:31:23.939] [INFO] response - Process GET /favicon.ico...

[2019-03-27T17:31:56.179] [INFO] response - Process GET /index...

[2019-03-27T17:32:46.090] [INFO] response - Process GET /index...

[2019-03-27T17:34:55.701] [INFO] response - Process GET /index...

[2019-03-27T17:35:30.756] [INFO] response - Process GET /index...

[2019-03-27T17:35:55.274] [INFO] response - Process GET /index...

[2019-03-27T17:37:42.466] [INFO] response - Process GET /index...

[2019-03-27T17:41:46.843] [INFO] response - Process GET /index...

